1644411068.029832 client started (2846231): version 3.0a, socket /tmp/tmux-1000/default, protocol 8
1644411068.029876 on Linux 5.8.0-53-generic #60~20.04.1-Ubuntu SMP Thu May 6 09:52:46 UTC 2021; libevent 2.1.11-stable (poll)
1644411068.029894 socket is /tmp/tmux-1000/default
1644411068.029916 trying connect
1644411068.029983 add peer 0x563a1fbba1f0: 6 ((nil))
1644411068.030080 sending message 100 to peer 0x563a1fbba1f0 (4 bytes)
1644411068.030093 sending message 101 to peer 0x563a1fbba1f0 (15 bytes)
1644411068.030099 sending message 102 to peer 0x563a1fbba1f0 (11 bytes)
1644411068.030103 sending message 108 to peer 0x563a1fbba1f0 (27 bytes)
1644411068.030109 sending message 104 to peer 0x563a1fbba1f0 (0 bytes)
1644411068.030114 sending message 107 to peer 0x563a1fbba1f0 (4 bytes)
1644411068.030118 sending message 105 to peer 0x563a1fbba1f0 (16 bytes)
1644411068.030123 sending message 105 to peer 0x563a1fbba1f0 (20 bytes)
1644411068.030128 sending message 105 to peer 0x563a1fbba1f0 (28 bytes)
1644411068.030132 sending message 105 to peer 0x563a1fbba1f0 (31 bytes)
1644411068.030137 sending message 105 to peer 0x563a1fbba1f0 (17 bytes)
1644411068.030143 sending message 105 to peer 0x563a1fbba1f0 (104 bytes)
1644411068.030148 sending message 105 to peer 0x563a1fbba1f0 (15 bytes)
1644411068.030153 sending message 105 to peer 0x563a1fbba1f0 (20 bytes)
1644411068.030157 sending message 105 to peer 0x563a1fbba1f0 (17 bytes)
1644411068.030162 sending message 105 to peer 0x563a1fbba1f0 (1506 bytes)
1644411068.030180 sending message 105 to peer 0x563a1fbba1f0 (118 bytes)
1644411068.030187 sending message 105 to peer 0x563a1fbba1f0 (46 bytes)
1644411068.030193 sending message 105 to peer 0x563a1fbba1f0 (31 bytes)
1644411068.030197 sending message 105 to peer 0x563a1fbba1f0 (34 bytes)
1644411068.030202 sending message 105 to peer 0x563a1fbba1f0 (20 bytes)
1644411068.030206 sending message 105 to peer 0x563a1fbba1f0 (32 bytes)
1644411068.030213 sending message 105 to peer 0x563a1fbba1f0 (14 bytes)
1644411068.030223 sending message 105 to peer 0x563a1fbba1f0 (54 bytes)
1644411068.030228 sending message 105 to peer 0x563a1fbba1f0 (8 bytes)
1644411068.030233 sending message 105 to peer 0x563a1fbba1f0 (32 bytes)
1644411068.030238 sending message 105 to peer 0x563a1fbba1f0 (135 bytes)
1644411068.030242 sending message 105 to peer 0x563a1fbba1f0 (106 bytes)
1644411068.030247 sending message 105 to peer 0x563a1fbba1f0 (299 bytes)
1644411068.030251 sending message 105 to peer 0x563a1fbba1f0 (82 bytes)
1644411068.030255 sending message 105 to peer 0x563a1fbba1f0 (20 bytes)
1644411068.030260 sending message 105 to peer 0x563a1fbba1f0 (78 bytes)
1644411068.030264 sending message 105 to peer 0x563a1fbba1f0 (16 bytes)
1644411068.030273 sending message 106 to peer 0x563a1fbba1f0 (0 bytes)
1644411068.030278 cmd_pack_argv: argv[0]=new
1644411068.030283 sending message 200 to peer 0x563a1fbba1f0 (8 bytes)
1644411068.030287 client loop enter
1644411068.030365 client loop exit
